The system is: Linux - 3.8.0-35-generic - i686
Compiling the C compiler identification source file "CMakeCCompilerId.c" succeeded.
Compiler: /usr/bin/cc 
Build flags: 
Id flags: 

The output was:
0


Compilation of the C compiler identification source "CMakeCCompilerId.c" produced "a.out"

The C compiler identification is GNU, found in "/home/administrator/libraries/anax/build/CMakeFiles/2.8.10.1/CompilerIdC/a.out"

Compiling the CXX compiler identification source file "CMakeCXXCompilerId.cpp" succeeded.
Compiler: /usr/bin/c++ 
Build flags: 
Id flags: 

The output was:
0


Compilation of the CXX compiler identification source "CMakeCXXCompilerId.cpp" produced "a.out"

The CXX compiler identification is GNU, found in "/home/administrator/libraries/anax/build/CMakeFiles/2.8.10.1/CompilerIdCXX/a.out"

Determining if the C compiler works passed with the following output:
Change Dir: /home/administrator/libraries/anax/build/CMakeFiles/CMakeTmp

Run Build Command:/usr/bin/make "cmTryCompileExec2751188744/fast"
/usr/bin/make -f CMakeFiles/cmTryCompileExec2751188744.dir/build.make CMakeFiles/cmTryCompileExec2751188744.dir/build
make[1]: Entering directory `/home/administrator/libraries/anax/build/CMakeFiles/CMakeTmp'
/usr/bin/cmake -E cmake_progress_report /home/administrator/libraries/anax/build/CMakeFiles/CMakeTmp/CMakeFiles 1
Building C object CMakeFiles/cmTryCompileExec2751188744.dir/testCCompiler.c.o
/usr/bin/cc    -o CMakeFiles/cmTryCompileExec2751188744.dir/testCCompiler.c.o   -c /home/administrator/libraries/anax/build/CMakeFiles/CMakeTmp/testCCompiler.c
Linking C executable cmTryCompileExec2751188744
/usr/bin/cmake -E cmake_link_script CMakeFiles/cmTryCompileExec2751188744.dir/link.txt --verbose=1
/usr/bin/cc         CMakeFiles/cmTryCompileExec2751188744.dir/testCCompiler.c.o  -o cmTryCompileExec2751188744 -rdynamic 
make[1]: Leaving directory `/home/administrator/libraries/anax/build/CMakeFiles/CMakeTmp'


Detecting C compiler ABI info compiled with the following output:
Change Dir: /home/administrator/libraries/anax/build/CMakeFiles/CMakeTmp

Run Build Command:/usr/bin/make "cmTryCompileExec4201850806/fast"
/usr/bin/make -f CMakeFiles/cmTryCompileExec4201850806.dir/build.make CMakeFiles/cmTryCompileExec4201850806.dir/build
make[1]: Entering directory `/home/administrator/libraries/anax/build/CMakeFiles/CMakeTmp'
/usr/bin/cmake -E cmake_progress_report /home/administrator/libraries/anax/build/CMakeFiles/CMakeTmp/CMakeFiles 1
Building C object CMakeFiles/cmTryCompileExec4201850806.dir/CMakeCCompilerABI.c.o
/usr/bin/cc    -o CMakeFiles/cmTryCompileExec4201850806.dir/CMakeCCompilerABI.c.o   -c /usr/share/cmake-2.8/Modules/CMakeCCompilerABI.c
Linking C executable cmTryCompileExec4201850806
/usr/bin/cmake -E cmake_link_script CMakeFiles/cmTryCompileExec4201850806.dir/link.txt --verbose=1
/usr/bin/cc       -v CMakeFiles/cmTryCompileExec4201850806.dir/CMakeCCompilerABI.c.o  -o cmTryCompileExec4201850806 -rdynamic  
Using built-in specs.
COLLECT_GCC=/usr/bin/cc
COLLECT_LTO_WRAPPER=/usr/lib/gcc/i686-linux-gnu/4.7/lto-wrapper
Target: i686-linux-gnu
Configured with: ../src/configure -v --with-pkgversion='Ubuntu/Linaro 4.7.3-1ubuntu1' --with-bugurl=file:///usr/share/doc/gcc-4.7/README.Bugs --enable-languages=c,c++,go,fortran,objc,obj-c++ --prefix=/usr --program-suffix=-4.7 --enable-shared --enable-linker-build-id --libexecdir=/usr/lib --without-included-gettext --enable-threads=posix --with-gxx-include-dir=/usr/include/c++/4.7 --libdir=/usr/lib --enable-nls --with-sysroot=/ --enable-clocale=gnu --enable-libstdcxx-debug --enable-libstdcxx-time=yes --enable-gnu-unique-object --enable-plugin --with-system-zlib --enable-objc-gc --enable-targets=all --with-cloog --enable-cloog-backend=ppl --disable-cloog-version-check --disable-ppl-version-check --enable-multiarch --disable-werror --with-arch-32=i686 --with-multilib-list=m32,m64,mx32 --with-tune=generic --enable-checking=release --build=i686-linux-gnu --host=i686-linux-gnu --target=i686-linux-gnu
Thread model: posix
gcc version 4.7.3 (Ubuntu/Linaro 4.7.3-1ubuntu1) 
COMPILER_PATH=/usr/lib/gcc/i686-linux-gnu/4.7/:/usr/lib/gcc/i686-linux-gnu/4.7/:/usr/lib/gcc/i686-linux-gnu/:/usr/lib/gcc/i686-linux-gnu/4.7/:/usr/lib/gcc/i686-linux-gnu/
LIBRARY_PATH=/usr/lib/gcc/i686-linux-gnu/4.7/:/usr/lib/gcc/i686-linux-gnu/4.7/../../../i386-linux-gnu/:/usr/lib/gcc/i686-linux-gnu/4.7/../../../../lib/:/lib/i386-linux-gnu/:/lib/../lib/:/usr/lib/i386-linux-gnu/:/usr/lib/../lib/:/usr/lib/gcc/i686-linux-gnu/4.7/../../../:/lib/:/usr/lib/
COLLECT_GCC_OPTIONS='-v' '-o' 'cmTryCompileExec4201850806' '-rdynamic' '-mtune=generic' '-march=i686'
 /usr/lib/gcc/i686-linux-gnu/4.7/collect2 --sysroot=/ --build-id --eh-frame-hdr -m elf_i386 --hash-style=gnu --as-needed -export-dynamic -dynamic-linker /lib/ld-linux.so.2 -z relro -o cmTryCompileExec4201850806 /usr/lib/gcc/i686-linux-gnu/4.7/../../../i386-linux-gnu/crt1.o /usr/lib/gcc/i686-linux-gnu/4.7/../../../i386-linux-gnu/crti.o /usr/lib/gcc/i686-linux-gnu/4.7/crtbegin.o -L/usr/lib/gcc/i686-linux-gnu/4.7 -L/usr/lib/gcc/i686-linux-gnu/4.7/../../../i386-linux-gnu -L/usr/lib/gcc/i686-linux-gnu/4.7/../../../../lib -L/lib/i386-linux-gnu -L/lib/../lib -L/usr/lib/i386-linux-gnu -L/usr/lib/../lib -L/usr/lib/gcc/i686-linux-gnu/4.7/../../.. CMakeFiles/cmTryCompileExec4201850806.dir/CMakeCCompilerABI.c.o -lgcc --as-needed -lgcc_s --no-as-needed -lc -lgcc --as-needed -lgcc_s --no-as-needed /usr/lib/gcc/i686-linux-gnu/4.7/crtend.o /usr/lib/gcc/i686-linux-gnu/4.7/../../../i386-linux-gnu/crtn.o
make[1]: Leaving directory `/home/administrator/libraries/anax/build/CMakeFiles/CMakeTmp'


Parsed C implicit link information from above output:
  link line regex: [^( *|.*[/\])(ld|ld|collect2)[^/\]*( |$)]
  ignore line: [Change Dir: /home/administrator/libraries/anax/build/CMakeFiles/CMakeTmp]
  ignore line: []
  ignore line: [Run Build Command:/usr/bin/make "cmTryCompileExec4201850806/fast"]
  ignore line: [/usr/bin/make -f CMakeFiles/cmTryCompileExec4201850806.dir/build.make CMakeFiles/cmTryCompileExec4201850806.dir/build]
  ignore line: [make[1]: Entering directory `/home/administrator/libraries/anax/build/CMakeFiles/CMakeTmp']
  ignore line: [/usr/bin/cmake -E cmake_progress_report /home/administrator/libraries/anax/build/CMakeFiles/CMakeTmp/CMakeFiles 1]
  ignore line: [Building C object CMakeFiles/cmTryCompileExec4201850806.dir/CMakeCCompilerABI.c.o]
  ignore line: [/usr/bin/cc    -o CMakeFiles/cmTryCompileExec4201850806.dir/CMakeCCompilerABI.c.o   -c /usr/share/cmake-2.8/Modules/CMakeCCompilerABI.c]
  ignore line: [Linking C executable cmTryCompileExec4201850806]
  ignore line: [/usr/bin/cmake -E cmake_link_script CMakeFiles/cmTryCompileExec4201850806.dir/link.txt --verbose=1]
  ignore line: [/usr/bin/cc       -v CMakeFiles/cmTryCompileExec4201850806.dir/CMakeCCompilerABI.c.o  -o cmTryCompileExec4201850806 -rdynamic  ]
  ignore line: [Using built-in specs.]
  ignore line: [COLLECT_GCC=/usr/bin/cc]
  ignore line: [COLLECT_LTO_WRAPPER=/usr/lib/gcc/i686-linux-gnu/4.7/lto-wrapper]
  ignore line: [Target: i686-linux-gnu]
  ignore line: [Configured with: ../src/configure -v --with-pkgversion='Ubuntu/Linaro 4.7.3-1ubuntu1' --with-bugurl=file:///usr/share/doc/gcc-4.7/README.Bugs --enable-languages=c,c++,go,fortran,objc,obj-c++ --prefix=/usr --program-suffix=-4.7 --enable-shared --enable-linker-build-id --libexecdir=/usr/lib --without-included-gettext --enable-threads=posix --with-gxx-include-dir=/usr/include/c++/4.7 --libdir=/usr/lib --enable-nls --with-sysroot=/ --enable-clocale=gnu --enable-libstdcxx-debug --enable-libstdcxx-time=yes --enable-gnu-unique-object --enable-plugin --with-system-zlib --enable-objc-gc --enable-targets=all --with-cloog --enable-cloog-backend=ppl --disable-cloog-version-check --disable-ppl-version-check --enable-multiarch --disable-werror --with-arch-32=i686 --with-multilib-list=m32,m64,mx32 --with-tune=generic --enable-checking=release --build=i686-linux-gnu --host=i686-linux-gnu --target=i686-linux-gnu]
  ignore line: [Thread model: posix]
  ignore line: [gcc version 4.7.3 (Ubuntu/Linaro 4.7.3-1ubuntu1) ]
  ignore line: [COMPILER_PATH=/usr/lib/gcc/i686-linux-gnu/4.7/:/usr/lib/gcc/i686-linux-gnu/4.7/:/usr/lib/gcc/i686-linux-gnu/:/usr/lib/gcc/i686-linux-gnu/4.7/:/usr/lib/gcc/i686-linux-gnu/]
  ignore line: [LIBRARY_PATH=/usr/lib/gcc/i686-linux-gnu/4.7/:/usr/lib/gcc/i686-linux-gnu/4.7/../../../i386-linux-gnu/:/usr/lib/gcc/i686-linux-gnu/4.7/../../../../lib/:/lib/i386-linux-gnu/:/lib/../lib/:/usr/lib/i386-linux-gnu/:/usr/lib/../lib/:/usr/lib/gcc/i686-linux-gnu/4.7/../../../:/lib/:/usr/lib/]
  ignore line: [COLLECT_GCC_OPTIONS='-v' '-o' 'cmTryCompileExec4201850806' '-rdynamic' '-mtune=generic' '-march=i686']
  link line: [ /usr/lib/gcc/i686-linux-gnu/4.7/collect2 --sysroot=/ --build-id --eh-frame-hdr -m elf_i386 --hash-style=gnu --as-needed -export-dynamic -dynamic-linker /lib/ld-linux.so.2 -z relro -o cmTryCompileExec4201850806 /usr/lib/gcc/i686-linux-gnu/4.7/../../../i386-linux-gnu/crt1.o /usr/lib/gcc/i686-linux-gnu/4.7/../../../i386-linux-gnu/crti.o /usr/lib/gcc/i686-linux-gnu/4.7/crtbegin.o -L/usr/lib/gcc/i686-linux-gnu/4.7 -L/usr/lib/gcc/i686-linux-gnu/4.7/../../../i386-linux-gnu -L/usr/lib/gcc/i686-linux-gnu/4.7/../../../../lib -L/lib/i386-linux-gnu -L/lib/../lib -L/usr/lib/i386-linux-gnu -L/usr/lib/../lib -L/usr/lib/gcc/i686-linux-gnu/4.7/../../.. CMakeFiles/cmTryCompileExec4201850806.dir/CMakeCCompilerABI.c.o -lgcc --as-needed -lgcc_s --no-as-needed -lc -lgcc --as-needed -lgcc_s --no-as-needed /usr/lib/gcc/i686-linux-gnu/4.7/crtend.o /usr/lib/gcc/i686-linux-gnu/4.7/../../../i386-linux-gnu/crtn.o]
    arg [/usr/lib/gcc/i686-linux-gnu/4.7/collect2] ==> ignore
    arg [--sysroot=/] ==> ignore
    arg [--build-id] ==> ignore
    arg [--eh-frame-hdr] ==> ignore
    arg [-m] ==> ignore
    arg [elf_i386] ==> ignore
    arg [--hash-style=gnu] ==> ignore
    arg [--as-needed] ==> ignore
    arg [-export-dynamic] ==> ignore
    arg [-dynamic-linker] ==> ignore
    arg [/lib/ld-linux.so.2] ==> ignore
    arg [-zrelro] ==> ignore
    arg [-o] ==> ignore
    arg [cmTryCompileExec4201850806] ==> ignore
    arg [/usr/lib/gcc/i686-linux-gnu/4.7/../../../i386-linux-gnu/crt1.o] ==> ignore
    arg [/usr/lib/gcc/i686-linux-gnu/4.7/../../../i386-linux-gnu/crti.o] ==> ignore
    arg [/usr/lib/gcc/i686-linux-gnu/4.7/crtbegin.o] ==> ignore
    arg [-L/usr/lib/gcc/i686-linux-gnu/4.7] ==> dir [/usr/lib/gcc/i686-linux-gnu/4.7]
    arg [-L/usr/lib/gcc/i686-linux-gnu/4.7/../../../i386-linux-gnu] ==> dir [/usr/lib/gcc/i686-linux-gnu/4.7/../../../i386-linux-gnu]
    arg [-L/usr/lib/gcc/i686-linux-gnu/4.7/../../../../lib] ==> dir [/usr/lib/gcc/i686-linux-gnu/4.7/../../../../lib]
    arg [-L/lib/i386-linux-gnu] ==> dir [/lib/i386-linux-gnu]
    arg [-L/lib/../lib] ==> dir [/lib/../lib]
    arg [-L/usr/lib/i386-linux-gnu] ==> dir [/usr/lib/i386-linux-gnu]
    arg [-L/usr/lib/../lib] ==> dir [/usr/lib/../lib]
    arg [-L/usr/lib/gcc/i686-linux-gnu/4.7/../../..] ==> dir [/usr/lib/gcc/i686-linux-gnu/4.7/../../..]
    arg [CMakeFiles/cmTryCompileExec4201850806.dir/CMakeCCompilerABI.c.o] ==> ignore
    arg [-lgcc] ==> lib [gcc]
    arg [--as-needed] ==> ignore
    arg [-lgcc_s] ==> lib [gcc_s]
    arg [--no-as-needed] ==> ignore
    arg [-lc] ==> lib [c]
    arg [-lgcc] ==> lib [gcc]
    arg [--as-needed] ==> ignore
    arg [-lgcc_s] ==> lib [gcc_s]
    arg [--no-as-needed] ==> ignore
    arg [/usr/lib/gcc/i686-linux-gnu/4.7/crtend.o] ==> ignore
    arg [/usr/lib/gcc/i686-linux-gnu/4.7/../../../i386-linux-gnu/crtn.o] ==> ignore
  remove lib [gcc]
  remove lib [gcc_s]
  remove lib [gcc]
  remove lib [gcc_s]
  collapse dir [/usr/lib/gcc/i686-linux-gnu/4.7] ==> [/usr/lib/gcc/i686-linux-gnu/4.7]
  collapse dir [/usr/lib/gcc/i686-linux-gnu/4.7/../../../i386-linux-gnu] ==> [/usr/lib/i386-linux-gnu]
  collapse dir [/usr/lib/gcc/i686-linux-gnu/4.7/../../../../lib] ==> [/usr/lib]
  collapse dir [/lib/i386-linux-gnu] ==> [/lib/i386-linux-gnu]
  collapse dir [/lib/../lib] ==> [/lib]
  collapse dir [/usr/lib/i386-linux-gnu] ==> [/usr/lib/i386-linux-gnu]
  collapse dir [/usr/lib/../lib] ==> [/usr/lib]
  collapse dir [/usr/lib/gcc/i686-linux-gnu/4.7/../../..] ==> [/usr/lib]
  implicit libs: [c]
  implicit dirs: [/usr/lib/gcc/i686-linux-gnu/4.7;/usr/lib/i386-linux-gnu;/usr/lib;/lib/i386-linux-gnu;/lib]


Determining if the CXX compiler works passed with the following output:
Change Dir: /home/administrator/libraries/anax/build/CMakeFiles/CMakeTmp

Run Build Command:/usr/bin/make "cmTryCompileExec2528682436/fast"
/usr/bin/make -f CMakeFiles/cmTryCompileExec2528682436.dir/build.make CMakeFiles/cmTryCompileExec2528682436.dir/build
make[1]: Entering directory `/home/administrator/libraries/anax/build/CMakeFiles/CMakeTmp'
/usr/bin/cmake -E cmake_progress_report /home/administrator/libraries/anax/build/CMakeFiles/CMakeTmp/CMakeFiles 1
Building CXX object CMakeFiles/cmTryCompileExec2528682436.dir/testCXXCompiler.cxx.o
/usr/bin/c++     -o CMakeFiles/cmTryCompileExec2528682436.dir/testCXXCompiler.cxx.o -c /home/administrator/libraries/anax/build/CMakeFiles/CMakeTmp/testCXXCompiler.cxx
Linking CXX executable cmTryCompileExec2528682436
/usr/bin/cmake -E cmake_link_script CMakeFiles/cmTryCompileExec2528682436.dir/link.txt --verbose=1
/usr/bin/c++          CMakeFiles/cmTryCompileExec2528682436.dir/testCXXCompiler.cxx.o  -o cmTryCompileExec2528682436 -rdynamic 
make[1]: Leaving directory `/home/administrator/libraries/anax/build/CMakeFiles/CMakeTmp'


Detecting CXX compiler ABI info compiled with the following output:
Change Dir: /home/administrator/libraries/anax/build/CMakeFiles/CMakeTmp

Run Build Command:/usr/bin/make "cmTryCompileExec4551113/fast"
/usr/bin/make -f CMakeFiles/cmTryCompileExec4551113.dir/build.make CMakeFiles/cmTryCompileExec4551113.dir/build
make[1]: Entering directory `/home/administrator/libraries/anax/build/CMakeFiles/CMakeTmp'
/usr/bin/cmake -E cmake_progress_report /home/administrator/libraries/anax/build/CMakeFiles/CMakeTmp/CMakeFiles 1
Building CXX object CMakeFiles/cmTryCompileExec4551113.dir/CMakeCXXCompilerABI.cpp.o
/usr/bin/c++     -o CMakeFiles/cmTryCompileExec4551113.dir/CMakeCXXCompilerABI.cpp.o -c /usr/share/cmake-2.8/Modules/CMakeCXXCompilerABI.cpp
Linking CXX executable cmTryCompileExec4551113
/usr/bin/cmake -E cmake_link_script CMakeFiles/cmTryCompileExec4551113.dir/link.txt --verbose=1
/usr/bin/c++        -v CMakeFiles/cmTryCompileExec4551113.dir/CMakeCXXCompilerABI.cpp.o  -o cmTryCompileExec4551113 -rdynamic  
Using built-in specs.
COLLECT_GCC=/usr/bin/c++
COLLECT_LTO_WRAPPER=/usr/lib/gcc/i686-linux-gnu/4.7/lto-wrapper
Target: i686-linux-gnu
Configured with: ../src/configure -v --with-pkgversion='Ubuntu/Linaro 4.7.3-1ubuntu1' --with-bugurl=file:///usr/share/doc/gcc-4.7/README.Bugs --enable-languages=c,c++,go,fortran,objc,obj-c++ --prefix=/usr --program-suffix=-4.7 --enable-shared --enable-linker-build-id --libexecdir=/usr/lib --without-included-gettext --enable-threads=posix --with-gxx-include-dir=/usr/include/c++/4.7 --libdir=/usr/lib --enable-nls --with-sysroot=/ --enable-clocale=gnu --enable-libstdcxx-debug --enable-libstdcxx-time=yes --enable-gnu-unique-object --enable-plugin --with-system-zlib --enable-objc-gc --enable-targets=all --with-cloog --enable-cloog-backend=ppl --disable-cloog-version-check --disable-ppl-version-check --enable-multiarch --disable-werror --with-arch-32=i686 --with-multilib-list=m32,m64,mx32 --with-tune=generic --enable-checking=release --build=i686-linux-gnu --host=i686-linux-gnu --target=i686-linux-gnu
Thread model: posix
gcc version 4.7.3 (Ubuntu/Linaro 4.7.3-1ubuntu1) 
COMPILER_PATH=/usr/lib/gcc/i686-linux-gnu/4.7/:/usr/lib/gcc/i686-linux-gnu/4.7/:/usr/lib/gcc/i686-linux-gnu/:/usr/lib/gcc/i686-linux-gnu/4.7/:/usr/lib/gcc/i686-linux-gnu/
LIBRARY_PATH=/usr/lib/gcc/i686-linux-gnu/4.7/:/usr/lib/gcc/i686-linux-gnu/4.7/../../../i386-linux-gnu/:/usr/lib/gcc/i686-linux-gnu/4.7/../../../../lib/:/lib/i386-linux-gnu/:/lib/../lib/:/usr/lib/i386-linux-gnu/:/usr/lib/../lib/:/usr/lib/gcc/i686-linux-gnu/4.7/../../../:/lib/:/usr/lib/
COLLECT_GCC_OPTIONS='-v' '-o' 'cmTryCompileExec4551113' '-rdynamic' '-shared-libgcc' '-mtune=generic' '-march=i686'
 /usr/lib/gcc/i686-linux-gnu/4.7/collect2 --sysroot=/ --build-id --eh-frame-hdr -m elf_i386 --hash-style=gnu --as-needed -export-dynamic -dynamic-linker /lib/ld-linux.so.2 -z relro -o cmTryCompileExec4551113 /usr/lib/gcc/i686-linux-gnu/4.7/../../../i386-linux-gnu/crt1.o /usr/lib/gcc/i686-linux-gnu/4.7/../../../i386-linux-gnu/crti.o /usr/lib/gcc/i686-linux-gnu/4.7/crtbegin.o -L/usr/lib/gcc/i686-linux-gnu/4.7 -L/usr/lib/gcc/i686-linux-gnu/4.7/../../../i386-linux-gnu -L/usr/lib/gcc/i686-linux-gnu/4.7/../../../../lib -L/lib/i386-linux-gnu -L/lib/../lib -L/usr/lib/i386-linux-gnu -L/usr/lib/../lib -L/usr/lib/gcc/i686-linux-gnu/4.7/../../.. CMakeFiles/cmTryCompileExec4551113.dir/CMakeCXXCompilerABI.cpp.o -lstdc++ -lm -lgcc_s -lgcc -lc -lgcc_s -lgcc /usr/lib/gcc/i686-linux-gnu/4.7/crtend.o /usr/lib/gcc/i686-linux-gnu/4.7/../../../i386-linux-gnu/crtn.o
make[1]: Leaving directory `/home/administrator/libraries/anax/build/CMakeFiles/CMakeTmp'


Parsed CXX implicit link information from above output:
  link line regex: [^( *|.*[/\])(ld|ld|collect2)[^/\]*( |$)]
  ignore line: [Change Dir: /home/administrator/libraries/anax/build/CMakeFiles/CMakeTmp]
  ignore line: []
  ignore line: [Run Build Command:/usr/bin/make "cmTryCompileExec4551113/fast"]
  ignore line: [/usr/bin/make -f CMakeFiles/cmTryCompileExec4551113.dir/build.make CMakeFiles/cmTryCompileExec4551113.dir/build]
  ignore line: [make[1]: Entering directory `/home/administrator/libraries/anax/build/CMakeFiles/CMakeTmp']
  ignore line: [/usr/bin/cmake -E cmake_progress_report /home/administrator/libraries/anax/build/CMakeFiles/CMakeTmp/CMakeFiles 1]
  ignore line: [Building CXX object CMakeFiles/cmTryCompileExec4551113.dir/CMakeCXXCompilerABI.cpp.o]
  ignore line: [/usr/bin/c++     -o CMakeFiles/cmTryCompileExec4551113.dir/CMakeCXXCompilerABI.cpp.o -c /usr/share/cmake-2.8/Modules/CMakeCXXCompilerABI.cpp]
  ignore line: [Linking CXX executable cmTryCompileExec4551113]
  ignore line: [/usr/bin/cmake -E cmake_link_script CMakeFiles/cmTryCompileExec4551113.dir/link.txt --verbose=1]
  ignore line: [/usr/bin/c++        -v CMakeFiles/cmTryCompileExec4551113.dir/CMakeCXXCompilerABI.cpp.o  -o cmTryCompileExec4551113 -rdynamic  ]
  ignore line: [Using built-in specs.]
  ignore line: [COLLECT_GCC=/usr/bin/c++]
  ignore line: [COLLECT_LTO_WRAPPER=/usr/lib/gcc/i686-linux-gnu/4.7/lto-wrapper]
  ignore line: [Target: i686-linux-gnu]
  ignore line: [Configured with: ../src/configure -v --with-pkgversion='Ubuntu/Linaro 4.7.3-1ubuntu1' --with-bugurl=file:///usr/share/doc/gcc-4.7/README.Bugs --enable-languages=c,c++,go,fortran,objc,obj-c++ --prefix=/usr --program-suffix=-4.7 --enable-shared --enable-linker-build-id --libexecdir=/usr/lib --without-included-gettext --enable-threads=posix --with-gxx-include-dir=/usr/include/c++/4.7 --libdir=/usr/lib --enable-nls --with-sysroot=/ --enable-clocale=gnu --enable-libstdcxx-debug --enable-libstdcxx-time=yes --enable-gnu-unique-object --enable-plugin --with-system-zlib --enable-objc-gc --enable-targets=all --with-cloog --enable-cloog-backend=ppl --disable-cloog-version-check --disable-ppl-version-check --enable-multiarch --disable-werror --with-arch-32=i686 --with-multilib-list=m32,m64,mx32 --with-tune=generic --enable-checking=release --build=i686-linux-gnu --host=i686-linux-gnu --target=i686-linux-gnu]
  ignore line: [Thread model: posix]
  ignore line: [gcc version 4.7.3 (Ubuntu/Linaro 4.7.3-1ubuntu1) ]
  ignore line: [COMPILER_PATH=/usr/lib/gcc/i686-linux-gnu/4.7/:/usr/lib/gcc/i686-linux-gnu/4.7/:/usr/lib/gcc/i686-linux-gnu/:/usr/lib/gcc/i686-linux-gnu/4.7/:/usr/lib/gcc/i686-linux-gnu/]
  ignore line: [LIBRARY_PATH=/usr/lib/gcc/i686-linux-gnu/4.7/:/usr/lib/gcc/i686-linux-gnu/4.7/../../../i386-linux-gnu/:/usr/lib/gcc/i686-linux-gnu/4.7/../../../../lib/:/lib/i386-linux-gnu/:/lib/../lib/:/usr/lib/i386-linux-gnu/:/usr/lib/../lib/:/usr/lib/gcc/i686-linux-gnu/4.7/../../../:/lib/:/usr/lib/]
  ignore line: [COLLECT_GCC_OPTIONS='-v' '-o' 'cmTryCompileExec4551113' '-rdynamic' '-shared-libgcc' '-mtune=generic' '-march=i686']
  link line: [ /usr/lib/gcc/i686-linux-gnu/4.7/collect2 --sysroot=/ --build-id --eh-frame-hdr -m elf_i386 --hash-style=gnu --as-needed -export-dynamic -dynamic-linker /lib/ld-linux.so.2 -z relro -o cmTryCompileExec4551113 /usr/lib/gcc/i686-linux-gnu/4.7/../../../i386-linux-gnu/crt1.o /usr/lib/gcc/i686-linux-gnu/4.7/../../../i386-linux-gnu/crti.o /usr/lib/gcc/i686-linux-gnu/4.7/crtbegin.o -L/usr/lib/gcc/i686-linux-gnu/4.7 -L/usr/lib/gcc/i686-linux-gnu/4.7/../../../i386-linux-gnu -L/usr/lib/gcc/i686-linux-gnu/4.7/../../../../lib -L/lib/i386-linux-gnu -L/lib/../lib -L/usr/lib/i386-linux-gnu -L/usr/lib/../lib -L/usr/lib/gcc/i686-linux-gnu/4.7/../../.. CMakeFiles/cmTryCompileExec4551113.dir/CMakeCXXCompilerABI.cpp.o -lstdc++ -lm -lgcc_s -lgcc -lc -lgcc_s -lgcc /usr/lib/gcc/i686-linux-gnu/4.7/crtend.o /usr/lib/gcc/i686-linux-gnu/4.7/../../../i386-linux-gnu/crtn.o]
    arg [/usr/lib/gcc/i686-linux-gnu/4.7/collect2] ==> ignore
    arg [--sysroot=/] ==> ignore
    arg [--build-id] ==> ignore
    arg [--eh-frame-hdr] ==> ignore
    arg [-m] ==> ignore
    arg [elf_i386] ==> ignore
    arg [--hash-style=gnu] ==> ignore
    arg [--as-needed] ==> ignore
    arg [-export-dynamic] ==> ignore
    arg [-dynamic-linker] ==> ignore
    arg [/lib/ld-linux.so.2] ==> ignore
    arg [-zrelro] ==> ignore
    arg [-o] ==> ignore
    arg [cmTryCompileExec4551113] ==> ignore
    arg [/usr/lib/gcc/i686-linux-gnu/4.7/../../../i386-linux-gnu/crt1.o] ==> ignore
    arg [/usr/lib/gcc/i686-linux-gnu/4.7/../../../i386-linux-gnu/crti.o] ==> ignore
    arg [/usr/lib/gcc/i686-linux-gnu/4.7/crtbegin.o] ==> ignore
    arg [-L/usr/lib/gcc/i686-linux-gnu/4.7] ==> dir [/usr/lib/gcc/i686-linux-gnu/4.7]
    arg [-L/usr/lib/gcc/i686-linux-gnu/4.7/../../../i386-linux-gnu] ==> dir [/usr/lib/gcc/i686-linux-gnu/4.7/../../../i386-linux-gnu]
    arg [-L/usr/lib/gcc/i686-linux-gnu/4.7/../../../../lib] ==> dir [/usr/lib/gcc/i686-linux-gnu/4.7/../../../../lib]
    arg [-L/lib/i386-linux-gnu] ==> dir [/lib/i386-linux-gnu]
    arg [-L/lib/../lib] ==> dir [/lib/../lib]
    arg [-L/usr/lib/i386-linux-gnu] ==> dir [/usr/lib/i386-linux-gnu]
    arg [-L/usr/lib/../lib] ==> dir [/usr/lib/../lib]
    arg [-L/usr/lib/gcc/i686-linux-gnu/4.7/../../..] ==> dir [/usr/lib/gcc/i686-linux-gnu/4.7/../../..]
    arg [CMakeFiles/cmTryCompileExec4551113.dir/CMakeCXXCompilerABI.cpp.o] ==> ignore
    arg [-lstdc++] ==> lib [stdc++]
    arg [-lm] ==> lib [m]
    arg [-lgcc_s] ==> lib [gcc_s]
    arg [-lgcc] ==> lib [gcc]
    arg [-lc] ==> lib [c]
    arg [-lgcc_s] ==> lib [gcc_s]
    arg [-lgcc] ==> lib [gcc]
    arg [/usr/lib/gcc/i686-linux-gnu/4.7/crtend.o] ==> ignore
    arg [/usr/lib/gcc/i686-linux-gnu/4.7/../../../i386-linux-gnu/crtn.o] ==> ignore
  remove lib [gcc_s]
  remove lib [gcc]
  remove lib [gcc_s]
  remove lib [gcc]
  collapse dir [/usr/lib/gcc/i686-linux-gnu/4.7] ==> [/usr/lib/gcc/i686-linux-gnu/4.7]
  collapse dir [/usr/lib/gcc/i686-linux-gnu/4.7/../../../i386-linux-gnu] ==> [/usr/lib/i386-linux-gnu]
  collapse dir [/usr/lib/gcc/i686-linux-gnu/4.7/../../../../lib] ==> [/usr/lib]
  collapse dir [/lib/i386-linux-gnu] ==> [/lib/i386-linux-gnu]
  collapse dir [/lib/../lib] ==> [/lib]
  collapse dir [/usr/lib/i386-linux-gnu] ==> [/usr/lib/i386-linux-gnu]
  collapse dir [/usr/lib/../lib] ==> [/usr/lib]
  collapse dir [/usr/lib/gcc/i686-linux-gnu/4.7/../../..] ==> [/usr/lib]
  implicit libs: [stdc++;m;c]
  implicit dirs: [/usr/lib/gcc/i686-linux-gnu/4.7;/usr/lib/i386-linux-gnu;/usr/lib;/lib/i386-linux-gnu;/lib]


